{"/home/ivonubuntu/Documents/Node/jest101/cloneArray.js": {"path":"/home/ivonubuntu/Documents/Node/jest101/cloneArray.js","statementMap":{"0":{"start":{"line":1,"column":19},"end":{"line":1,"column":39}},"1":{"start":{"line":1,"column":29},"end":{"line":1,"column":39}},"2":{"start":{"line":3,"column":0},"end":{"line":3,"column":27}}},"fnMap":{"0":{"name":"(anonymous_0)","decl":{"start":{"line":1,"column":19},"end":{"line":1,"column":20}},"loc":{"start":{"line":1,"column":29},"end":{"line":1,"column":39}},"line":1}},"branchMap":{},"s":{"0":1,"1":1,"2":1},"f":{"0":1},"b":{},"_coverageSchema":"1a1c01bbd47fc00a2c39e90264f33305004495a9","hash":"d33f6fb5c9d270185fffe9436fa66409b82d1b42"}
,"/home/ivonubuntu/Documents/Node/jest101/otherFunctions.js": {"path":"/home/ivonubuntu/Documents/Node/jest101/otherFunctions.js","statementMap":{"0":{"start":{"line":1,"column":27},"end":{"line":1,"column":43}},"1":{"start":{"line":3,"column":23},"end":{"line":18,"column":1}},"2":{"start":{"line":5,"column":8},"end":{"line":8,"column":9}},"3":{"start":{"line":11,"column":8},"end":{"line":16,"column":9}},"4":{"start":{"line":12,"column":25},"end":{"line":12,"column":95}},"5":{"start":{"line":13,"column":12},"end":{"line":13,"column":25}},"6":{"start":{"line":15,"column":12},"end":{"line":15,"column":20}},"7":{"start":{"line":20,"column":0},"end":{"line":20,"column":31}}},"fnMap":{"0":{"name":"(anonymous_0)","decl":{"start":{"line":4,"column":16},"end":{"line":4,"column":17}},"loc":{"start":{"line":4,"column":34},"end":{"line":9,"column":5}},"line":4},"1":{"name":"(anonymous_1)","decl":{"start":{"line":10,"column":15},"end":{"line":10,"column":16}},"loc":{"start":{"line":10,"column":27},"end":{"line":17,"column":5}},"line":10}},"branchMap":{},"s":{"0":1,"1":1,"2":1,"3":1,"4":1,"5":0,"6":0,"7":1},"f":{"0":1,"1":1},"b":{},"_coverageSchema":"1a1c01bbd47fc00a2c39e90264f33305004495a9","hash":"1a712d7f3ac4ccabe92e34afc487e400c86dfa1c"}
,"/home/ivonubuntu/Documents/Node/jest101/sum.js": {"path":"/home/ivonubuntu/Documents/Node/jest101/sum.js","statementMap":{"0":{"start":{"line":1,"column":12},"end":{"line":1,"column":26}},"1":{"start":{"line":1,"column":21},"end":{"line":1,"column":26}},"2":{"start":{"line":3,"column":0},"end":{"line":3,"column":20}}},"fnMap":{"0":{"name":"(anonymous_0)","decl":{"start":{"line":1,"column":12},"end":{"line":1,"column":13}},"loc":{"start":{"line":1,"column":21},"end":{"line":1,"column":26}},"line":1}},"branchMap":{},"s":{"0":1,"1":1,"2":1},"f":{"0":1},"b":{},"_coverageSchema":"1a1c01bbd47fc00a2c39e90264f33305004495a9","hash":"bf035cc65315d3b62aab688bc4ecc8c7c5d7df26"}
}
